  Tree_Back_Executing_Task.c
C:\C_Cpp_LIB\Tree_Back_Model\Task\Tree_Back_Executing_Task.c(172,8): warning C4101: 'sending_mq': unreferenced local variable
  Tree_Back_Managing_Task.c
  Tree_Back_Model.c
  trcKernelPort.c
  trcSnapshotRecorder.c
  croutine.c
  event_groups.c
  heap_5.c
  stream_buffer.c
  timers.c
  AbortDelay.c
  BlockQ.c
  blocktim.c
  countsem.c
  death.c
  dynamic.c
  EventGroupsDemo.c
  flop.c
  GenQTest.c
  integer.c
  Generating Code...
  Compiling...
  IntSemTest.c
  MessageBufferAMP.c
  PollQ.c
  QPeek.c
  QueueOverwrite.c
  QueueSet.c
  QueueSetPolling.c
  recmutex.c
  semtest.c
  StaticAllocation.c
  MessageBufferDemo.c
  StreamBufferDemo.c
  StreamBufferInterrupt.c
  TaskNotify.c
  TaskNotifyArray.c
  timerdemo.c
  main.c
  list.c
  port.c
  queue.c
  Generating Code...
  Compiling...
  tasks.c
  main_blinky.c
  main_full.c
  Run-time-stats-utils.c
  Generating Code...
  WIN32.vcxproj -> E:\HOC\FreeRTOS\FreeRTOS_WIN32_MSVC\Debug\RTOSDemo.exe
